${now}: ${req.method} ${req.url}
${now}: ${req.method} ${req.url}
Sun Mar 19 2017 22:12:01 GMT-0500 (CDT): GET /
Sun Mar 19 2017 23:00:51 GMT-0500 (CDT): GET /about
Sun Mar 19 2017 23:01:33 GMT-0500 (CDT): GET /public
Sun Mar 19 2017 23:05:07 GMT-0500 (CDT): GET /login
Sun Mar 19 2017 23:05:35 GMT-0500 (CDT): GET /login
Sun Mar 19 2017 23:06:12 GMT-0500 (CDT): GET /login
Sun Mar 19 2017 23:06:12 GMT-0500 (CDT): GET /vendor/bootstrap/css/bootstrap.min.css
Sun Mar 19 2017 23:06:12 GMT-0500 (CDT): GET /vendor/metisMenu/metisMenu.min.css
Sun Mar 19 2017 23:06:12 GMT-0500 (CDT): GET /dist/css/sb-admin-2.css
Sun Mar 19 2017 23:06:12 GMT-0500 (CDT): GET /vendor/font-awesome/css/font-awesome.min.css
Sun Mar 19 2017 23:06:12 GMT-0500 (CDT): GET /vendor/jquery/jquery.min.js
Sun Mar 19 2017 23:06:12 GMT-0500 (CDT): GET /vendor/bootstrap/js/bootstrap.min.js
Sun Mar 19 2017 23:06:12 GMT-0500 (CDT): GET /vendor/metisMenu/metisMenu.min.js
Sun Mar 19 2017 23:06:12 GMT-0500 (CDT): GET /dist/js/sb-admin-2.js
Sun Mar 19 2017 23:06:19 GMT-0500 (CDT): GET /login
Sun Mar 19 2017 23:06:19 GMT-0500 (CDT): GET /vendor/bootstrap/css/bootstrap.min.css
Sun Mar 19 2017 23:06:19 GMT-0500 (CDT): GET /vendor/metisMenu/metisMenu.min.css
Sun Mar 19 2017 23:06:19 GMT-0500 (CDT): GET /dist/css/sb-admin-2.css
Sun Mar 19 2017 23:06:19 GMT-0500 (CDT): GET /vendor/font-awesome/css/font-awesome.min.css
Sun Mar 19 2017 23:06:19 GMT-0500 (CDT): GET /vendor/jquery/jquery.min.js
Sun Mar 19 2017 23:06:19 GMT-0500 (CDT): GET /vendor/bootstrap/js/bootstrap.min.js
Sun Mar 19 2017 23:06:19 GMT-0500 (CDT): GET /vendor/metisMenu/metisMenu.min.js
Sun Mar 19 2017 23:06:19 GMT-0500 (CDT): GET /dist/js/sb-admin-2.js
Sun Mar 19 2017 23:06:58 GMT-0500 (CDT): GET /login
Sun Mar 19 2017 23:12:44 GMT-0500 (CDT): GET /login
Sun Mar 19 2017 23:13:44 GMT-0500 (CDT): GET /login
Tue Mar 21 2017 20:53:44 GMT-0500 (CDT): GET /login
Tue Mar 21 2017 20:53:45 GMT-0500 (CDT): GET /favicon.ico
Tue Mar 21 2017 21:01:52 GMT-0500 (CDT): GET /dashboard
Tue Mar 21 2017 21:01:56 GMT-0500 (CDT): GET /dashboard
Tue Mar 21 2017 21:02:11 GMT-0500 (CDT): GET /dashboard
Tue Mar 21 2017 23:00:11 GMT-0500 (CDT): GET /dashboard
Tue Mar 21 2017 23:00:12 GMT-0500 (CDT): GET /dashboard
